<?xml version="1.0" encoding="UTF-8"?>
<!-- Generated by org.testng.reporters.JUnitXMLReporter -->
<testsuite hostname="C02Y10BFJGH5" name="PetStore" tests="3" failures="0" timestamp="31 Oct 2020 13:50:40 GMT" time="4.958" errors="0">
  <testcase name="validateAdditionOfNewPet" time="2.476" classname="tests.PetStore"/>
  <testcase name="validateDeletionOfPetRecord" time="1.08" classname="tests.PetStore"/>
  <testcase name="validateOrderPlacingForPet" time="1.381" classname="tests.PetStore"/>
</testsuite> <!-- PetStore -->
