<?xml version="1.0" encoding="UTF-8"?>
<!-- Generated by org.testng.reporters.JUnitXMLReporter -->
<testsuite hostname="C02Y10BFJGH5" name="PetStore" tests="3" failures="0" timestamp="31 Oct 2020 15:35:35 GMT" time="5.18" errors="0">
  <testcase name="validateAdditionOfNewPet" time="2.717" classname="tests.PetStore"/>
  <testcase name="validateDeletionOfPetRecord" time="1.069" classname="tests.PetStore"/>
  <testcase name="validateOrderPlacingForPet" time="1.38" classname="tests.PetStore"/>
</testsuite> <!-- PetStore -->
