<?xml version="1.0" encoding="UTF-8"?>
<testsuite xmlns:xsi="http://www.w3.org/2001/XMLSchema-instance" xsi:noNamespaceSchemaLocation="https://maven.apache.org/surefire/maven-surefire-plugin/xsd/surefire-test-report-3.0.xsd" version="3.0" name="TestSuite" time="5.463" tests="3" errors="0" skipped="0" failures="0">
  <properties>
[...]
</properties>
  <testcase name="validateAdditionOfNewPet[1, 1, Hound, Tommy, 1, abc, available, https://www.google.com](1)" classname="tests.PetStore" time="2.717"/>
  <testcase name="validateDeletionOfPetRecord[1](1)" classname="tests.PetStore" time="1.068"/>
  <testcase name="validateOrderPlacingForPet[1, 1, placed, true, 2020-12-31T15:21:08.010+0000](1)" classname="tests.PetStore" time="1.379"/>
</testsuite>