<?xml version="1.0" encoding="UTF-8"?>
<testng-results skipped="0" failed="0" total="3" passed="3">
  <reporter-output>
  </reporter-output>
  <suite name="Suite" duration-ms="5180" started-at="2020-10-31T15:35:30Z" finished-at="2020-10-31T15:35:35Z">
    <groups>
    </groups>
    <test name="PetStore" duration-ms="5180" started-at="2020-10-31T15:35:30Z" finished-at="2020-10-31T15:35:35Z">
      <class name="tests.PetStore">
        <test-method status="PASS" signature="setUp()[pri:0, instance:tests.PetStore@7ac7a4e4]" name="setUp" is-config="true" duration-ms="7" started-at="2020-10-31T21:05:30Z" finished-at="2020-10-31T21:05:30Z">
          <reporter-output>
          </reporter-output>
        </test-method> <!-- setUp -->
        <test-method status="PASS" signature="validateAdditionOfNewPet(int, int, java.lang.String, java.lang.String, int, java.lang.String, java.lang.String, java.lang.String)[pri:0, instance:tests.PetStore@7ac7a4e4]" name="validateAdditionOfNewPet" duration-ms="2717" started-at="2020-10-31T21:05:30Z" finished-at="2020-10-31T21:05:32Z">
          <params>
            <param index="0">
              <value>
                <![CDATA[1]]>
              </value>
            </param>
            <param index="1">
              <value>
                <![CDATA[1]]>
              </value>
            </param>
            <param index="2">
              <value>
                <![CDATA[Hound]]>
              </value>
            </param>
            <param index="3">
              <value>
                <![CDATA[Tommy]]>
              </value>
            </param>
            <param index="4">
              <value>
                <![CDATA[1]]>
              </value>
            </param>
            <param index="5">
              <value>
                <![CDATA[abc]]>
              </value>
            </param>
            <param index="6">
              <value>
                <![CDATA[available]]>
              </value>
            </param>
            <param index="7">
              <value>
                <![CDATA[https://www.google.com]]>
              </value>
            </param>
          </params>
          <reporter-output>
          </reporter-output>
        </test-method> <!-- validateAdditionOfNewPet -->
        <test-method status="PASS" signature="validateDeletionOfPetRecord(java.lang.String)[pri:0, instance:tests.PetStore@7ac7a4e4]" name="validateDeletionOfPetRecord" duration-ms="1069" started-at="2020-10-31T21:05:32Z" finished-at="2020-10-31T21:05:33Z">
          <params>
            <param index="0">
              <value>
                <![CDATA[1]]>
              </value>
            </param>
          </params>
          <reporter-output>
          </reporter-output>
        </test-method> <!-- validateDeletionOfPetRecord -->
        <test-method status="PASS" signature="validateOrderPlacingForPet(java.lang.String, java.lang.String, java.lang.String, java.lang.String, java.lang.String)[pri:0, instance:tests.PetStore@7ac7a4e4]" name="validateOrderPlacingForPet" duration-ms="1380" started-at="2020-10-31T21:05:33Z" depends-on-methods="tests.PetStore.validateAdditionOfNewPet, tests.PetStore.validateDeletionOfPetRecord" finished-at="2020-10-31T21:05:35Z">
          <params>
            <param index="0">
              <value>
                <![CDATA[1]]>
              </value>
            </param>
            <param index="1">
              <value>
                <![CDATA[1]]>
              </value>
            </param>
            <param index="2">
              <value>
                <![CDATA[placed]]>
              </value>
            </param>
            <param index="3">
              <value>
                <![CDATA[true]]>
              </value>
            </param>
            <param index="4">
              <value>
                <![CDATA[2020-12-31T15:21:08.010+0000]]>
              </value>
            </param>
          </params>
          <reporter-output>
          </reporter-output>
        </test-method> <!-- validateOrderPlacingForPet -->
      </class> <!-- tests.PetStore -->
    </test> <!-- PetStore -->
  </suite> <!-- Suite -->
</testng-results>
